<?xml version="1.0" encoding="UTF-8"?>
<testng-results skipped="0" failed="0" total="2" passed="2">
  <reporter-output>
  </reporter-output>
  <suite name="Suite1" duration-ms="7" started-at="2016-03-16T02:38:40Z" finished-at="2016-03-16T02:38:40Z">
    <groups>
    </groups>
    <test name="test1" duration-ms="7" started-at="2016-03-16T02:38:40Z" finished-at="2016-03-16T02:38:40Z">
      <class name="TestNG_test">
        <test-method status="PASS" signature="beforeSuite()[pri:0, instance:TestNG_test@c42916]" name="beforeSuite" is-config="true" duration-ms="6" started-at="2016-03-16T10:38:40Z" finished-at="2016-03-16T10:38:40Z">
          <reporter-output>
          </reporter-output>
        </test-method> <!-- beforeSuite -->
        <test-method status="PASS" signature="beforeTest()[pri:0, instance:TestNG_test@c42916]" name="beforeTest" is-config="true" duration-ms="0" started-at="2016-03-16T10:38:40Z" finished-at="2016-03-16T10:38:40Z">
          <reporter-output>
          </reporter-output>
        </test-method> <!-- beforeTest -->
        <test-method status="PASS" signature="beforeClass()[pri:0, instance:TestNG_test@c42916]" name="beforeClass" is-config="true" duration-ms="0" started-at="2016-03-16T10:38:40Z" finished-at="2016-03-16T10:38:40Z">
          <reporter-output>
          </reporter-output>
        </test-method> <!-- beforeClass -->
        <test-method status="PASS" signature="afterMethod()[pri:0, instance:TestNG_test@c42916]" name="afterMethod" is-config="true" duration-ms="1" started-at="2016-03-16T10:38:40Z" finished-at="2016-03-16T10:38:40Z">
          <reporter-output>
          </reporter-output>
        </test-method> <!-- afterMethod -->
        <test-method status="PASS" signature="testCase1()[pri:0, instance:TestNG_test@c42916]" name="testCase1" duration-ms="0" started-at="2016-03-16T10:38:40Z" finished-at="2016-03-16T10:38:40Z">
          <reporter-output>
          </reporter-output>
        </test-method> <!-- testCase1 -->
        <test-method status="PASS" signature="beforeMethod()[pri:0, instance:TestNG_test@c42916]" name="beforeMethod" is-config="true" duration-ms="0" started-at="2016-03-16T10:38:40Z" finished-at="2016-03-16T10:38:40Z">
          <reporter-output>
          </reporter-output>
        </test-method> <!-- beforeMethod -->
        <test-method status="PASS" signature="beforeMethod()[pri:0, instance:TestNG_test@c42916]" name="beforeMethod" is-config="true" duration-ms="0" started-at="2016-03-16T10:38:40Z" finished-at="2016-03-16T10:38:40Z">
          <reporter-output>
          </reporter-output>
        </test-method> <!-- beforeMethod -->
        <test-method status="PASS" signature="afterClass()[pri:0, instance:TestNG_test@c42916]" name="afterClass" is-config="true" duration-ms="0" started-at="2016-03-16T10:38:40Z" finished-at="2016-03-16T10:38:40Z">
          <reporter-output>
          </reporter-output>
        </test-method> <!-- afterClass -->
        <test-method status="PASS" signature="afterMethod()[pri:0, instance:TestNG_test@c42916]" name="afterMethod" is-config="true" duration-ms="0" started-at="2016-03-16T10:38:40Z" finished-at="2016-03-16T10:38:40Z">
          <reporter-output>
          </reporter-output>
        </test-method> <!-- afterMethod -->
        <test-method status="PASS" signature="testCase2()[pri:0, instance:TestNG_test@c42916]" name="testCase2" duration-ms="0" started-at="2016-03-16T10:38:40Z" finished-at="2016-03-16T10:38:40Z">
          <reporter-output>
          </reporter-output>
        </test-method> <!-- testCase2 -->
        <test-method status="PASS" signature="afterTest()[pri:0, instance:TestNG_test@c42916]" name="afterTest" is-config="true" duration-ms="0" started-at="2016-03-16T10:38:40Z" finished-at="2016-03-16T10:38:40Z">
          <reporter-output>
          </reporter-output>
        </test-method> <!-- afterTest -->
        <test-method status="PASS" signature="afterSuite()[pri:0, instance:TestNG_test@c42916]" name="afterSuite" is-config="true" duration-ms="0" started-at="2016-03-16T10:38:40Z" finished-at="2016-03-16T10:38:40Z">
          <reporter-output>
          </reporter-output>
        </test-method> <!-- afterSuite -->
      </class> <!-- TestNG_test -->
    </test> <!-- test1 -->
  </suite> <!-- Suite1 -->
</testng-results>
